2019-01-15 11:23:24,916 - dwca_reader - INFO - image folder: /storage/data/martin-collectie/
2019-01-15 11:23:24,982 - dwca_reader - INFO - read infile ./data/downloaded.csv
2019-01-15 11:23:25,031 - dwca_reader - INFO - found 902 classes
2019-01-15 11:23:46,247 - dwca_reader - INFO - image folder: /storage/data/martin-collectie/
2019-01-15 11:24:01,192 - dwca_reader - INFO - image folder: /storage/data/martin-collectie/
2019-01-15 11:26:58,831 - dwca_reader - INFO - image folder: /storage/data/martin-collectie/
2019-01-15 11:26:58,906 - dwca_reader - INFO - read infile ./data/downloaded.csv
2019-01-15 11:26:58,945 - dwca_reader - INFO - found 902 classes
2019-01-15 11:27:12,228 - dwca_reader - INFO - image folder: /storage/data/martin-collectie/
2019-01-15 11:27:12,297 - dwca_reader - INFO - read infile ./data/downloaded.csv
2019-01-15 11:27:12,339 - dwca_reader - INFO - found 902 classes
2019-01-15 11:28:13,852 - dwca_reader - INFO - image folder: /storage/data/martin-collectie/
2019-01-15 11:28:13,936 - dwca_reader - INFO - read infile ./data/downloaded.csv
2019-01-15 11:28:14,013 - dwca_reader - INFO - found 902 classes
2019-01-15 11:28:16,930 - dwca_reader - INFO - image folder: /storage/data/martin-collectie/
2019-01-15 11:28:16,993 - dwca_reader - INFO - read infile ./data/downloaded.csv
2019-01-15 11:28:17,055 - dwca_reader - INFO - found 902 classes
2019-01-15 17:05:19,629 - dwca_reader - INFO - download folder: /storage/data/martin-collectie/
2019-01-15 17:05:19,629 - dwca_reader - INFO - download folder: /storage/data/martin-collectie/
2019-01-15 17:15:50,286 - dwca_reader - INFO - image folder: /storage/data/martin-collectie/
2019-01-16 10:02:09,839 - dwca_reader - INFO - read infile /data/imagelist.csv
2019-01-16 10:02:09,839 - dwca_reader - INFO - read infile /data/imagelist.csv
2019-01-16 10:02:20,402 - dwca_reader - INFO - read infile /data/imagelist.csv
2019-01-16 10:02:20,402 - dwca_reader - INFO - read infile /data/imagelist.csv
2019-01-16 10:02:24,719 - dwca_reader - INFO - read infile /data/imagelist.csv
2019-01-16 10:02:24,719 - dwca_reader - INFO - read infile /data/imagelist.csv
2019-01-16 14:07:30,304 - dwca_reader - INFO - read infile /storage/data/martin-collectie/data/downloaded.csv
2019-01-16 14:07:35,270 - dwca_reader - INFO - read infile /storage/data/martin-collectie/data/downloaded.csv
2019-01-16 14:07:44,363 - dwca_reader - INFO - read infile /storage/data/martin-collectie/data/downloaded.csv
2019-01-16 14:07:44,373 - dwca_reader - INFO - found 902 classes
2019-01-16 14:09:24,579 - dwca_reader - INFO - read infile /storage/data/martin-collectie/data/downloaded.csv
2019-01-16 14:09:24,596 - dwca_reader - INFO - found 902 classes
2019-01-16 14:09:43,478 - dwca_reader - INFO - read infile /storage/data/martin-collectie/data/downloaded.csv
2019-01-16 14:09:43,487 - dwca_reader - INFO - found 902 classes
2019-01-16 14:10:38,878 - dwca_reader - INFO - read infile /storage/data/martin-collectie/data/downloaded.csv
2019-01-16 14:10:38,887 - dwca_reader - INFO - found 902 classes
2019-01-16 14:11:35,083 - dwca_reader - INFO - read infile /storage/data/martin-collectie/data/downloaded.csv
2019-01-16 14:11:35,097 - dwca_reader - INFO - found 902 classes
2019-01-16 14:12:16,580 - dwca_reader - INFO - read infile /storage/data/martin-collectie/data/downloaded.csv
2019-01-16 14:12:16,592 - dwca_reader - INFO - found 902 classes
2019-01-16 14:12:23,504 - dwca_reader - INFO - read infile /storage/data/martin-collectie/data/downloaded.csv
2019-01-16 14:12:23,513 - dwca_reader - INFO - found 902 classes
2019-01-16 14:12:44,201 - dwca_reader - INFO - read infile /storage/data/martin-collectie/data/downloaded.csv
2019-01-16 14:12:44,212 - dwca_reader - INFO - found 902 classes
2019-01-16 14:12:58,082 - dwca_reader - INFO - read infile /storage/data/martin-collectie/data/downloaded.csv
2019-01-16 14:12:58,092 - dwca_reader - INFO - found 902 classes
2019-01-16 14:13:12,203 - dwca_reader - INFO - read infile /storage/data/martin-collectie/data/downloaded.csv
2019-01-16 14:13:12,203 - dwca_reader - INFO - read infile /storage/data/martin-collectie/data/downloaded.csv
2019-01-16 14:13:12,215 - dwca_reader - INFO - found 902 classes
2019-01-16 14:13:12,215 - dwca_reader - INFO - found 902 classes
