2019-01-17 10:45:56,050 - predict - INFO - test image /storage/data/alien-predator/test/Alien-40th.jpg
2019-01-17 10:45:56,050 - predict - INFO - test image /storage/data/alien-predator/test/Predator-e1524759223360-700x311.jpg
2019-01-17 10:45:56,051 - predict - INFO - test image /storage/data/alien-predator/test/alien-resurrection-screenshot.jpg
2019-01-17 10:45:56,051 - predict - INFO - test image /storage/data/alien-predator/test/alien31.jpg
2019-01-17 10:45:56,052 - predict - INFO - test image /storage/data/alien-predator/test/predator-cover.jpg
2019-01-17 10:45:56,053 - predict - INFO - test image /storage/data/alien-predator/test/the-predator-ending-explained.png
2019-01-17 10:45:56,054 - predict - INFO - test image /storage/data/alien-predator/test/vader.png
2019-01-17 10:46:08,424 - predict - INFO - test image /storage/data/alien-predator/test/Alien-40th.jpg
2019-01-17 10:46:08,425 - predict - INFO - test image /storage/data/alien-predator/test/Predator-e1524759223360-700x311.jpg
2019-01-17 10:46:08,425 - predict - INFO - test image /storage/data/alien-predator/test/alien-resurrection-screenshot.jpg
2019-01-17 10:46:08,426 - predict - INFO - test image /storage/data/alien-predator/test/alien31.jpg
2019-01-17 10:46:08,427 - predict - INFO - test image /storage/data/alien-predator/test/predator-cover.jpg
2019-01-17 10:46:08,427 - predict - INFO - test image /storage/data/alien-predator/test/the-predator-ending-explained.png
2019-01-17 10:46:08,428 - predict - ERROR - test image /storage/data/alien-predator/test/vader.pnag doesn't exist
2019-01-17 10:47:35,177 - predict - INFO - test image /storage/data/alien-predator/test/Alien-40th.jpg
2019-01-17 10:47:35,177 - predict - INFO - test image /storage/data/alien-predator/test/Alien-40th.jpg
2019-01-17 10:47:35,178 - predict - INFO - test image /storage/data/alien-predator/test/Predator-e1524759223360-700x311.jpg
2019-01-17 10:47:35,178 - predict - INFO - test image /storage/data/alien-predator/test/Predator-e1524759223360-700x311.jpg
2019-01-17 10:47:35,180 - predict - INFO - test image /storage/data/alien-predator/test/alien-resurrection-screenshot.jpg
2019-01-17 10:47:35,180 - predict - INFO - test image /storage/data/alien-predator/test/alien-resurrection-screenshot.jpg
2019-01-17 10:47:35,181 - predict - INFO - test image /storage/data/alien-predator/test/alien31.jpg
2019-01-17 10:47:35,181 - predict - INFO - test image /storage/data/alien-predator/test/alien31.jpg
2019-01-17 10:47:35,182 - predict - INFO - test image /storage/data/alien-predator/test/predator-cover.jpg
2019-01-17 10:47:35,182 - predict - INFO - test image /storage/data/alien-predator/test/predator-cover.jpg
2019-01-17 10:47:35,183 - predict - INFO - test image /storage/data/alien-predator/test/the-predator-ending-explained.png
2019-01-17 10:47:35,183 - predict - INFO - test image /storage/data/alien-predator/test/the-predator-ending-explained.png
2019-01-17 10:47:35,184 - predict - INFO - test image /storage/data/alien-predator/test/vader.png
2019-01-17 10:47:35,184 - predict - INFO - test image /storage/data/alien-predator/test/vader.png
2019-01-17 10:47:57,578 - predict - INFO - test image /storage/data/alien-predator/test/Alien-40th.jpg
2019-01-17 10:47:57,578 - predict - INFO - test image /storage/data/alien-predator/test/Alien-40th.jpg
2019-01-17 10:47:57,579 - predict - INFO - test image /storage/data/alien-predator/test/Predator-e1524759223360-700x311.jpg
2019-01-17 10:47:57,579 - predict - INFO - test image /storage/data/alien-predator/test/Predator-e1524759223360-700x311.jpg
2019-01-17 10:47:57,581 - predict - INFO - test image /storage/data/alien-predator/test/alien-resurrection-screenshot.jpg
2019-01-17 10:47:57,581 - predict - INFO - test image /storage/data/alien-predator/test/alien-resurrection-screenshot.jpg
2019-01-17 10:47:57,583 - predict - INFO - test image /storage/data/alien-predator/test/alien31.jpg
2019-01-17 10:47:57,583 - predict - INFO - test image /storage/data/alien-predator/test/alien31.jpg
2019-01-17 10:47:57,584 - predict - INFO - test image /storage/data/alien-predator/test/predator-cover.jpg
2019-01-17 10:47:57,584 - predict - INFO - test image /storage/data/alien-predator/test/predator-cover.jpg
2019-01-17 10:47:57,585 - predict - INFO - test image /storage/data/alien-predator/test/the-predator-ending-explained.png
2019-01-17 10:47:57,585 - predict - INFO - test image /storage/data/alien-predator/test/the-predator-ending-explained.png
2019-01-17 10:47:57,586 - predict - INFO - test image /storage/data/alien-predator/test/vader.png
2019-01-17 10:47:57,586 - predict - INFO - test image /storage/data/alien-predator/test/vader.png
2019-01-17 10:48:02,931 - predict - INFO - test imagesss /storage/data/alien-predator/test/Alien-40th.jpg
2019-01-17 10:48:02,931 - predict - INFO - test imagesss /storage/data/alien-predator/test/Alien-40th.jpg
2019-01-17 10:48:02,932 - predict - INFO - test imagesss /storage/data/alien-predator/test/Predator-e1524759223360-700x311.jpg
2019-01-17 10:48:02,932 - predict - INFO - test imagesss /storage/data/alien-predator/test/Predator-e1524759223360-700x311.jpg
2019-01-17 10:48:02,934 - predict - INFO - test imagesss /storage/data/alien-predator/test/alien-resurrection-screenshot.jpg
2019-01-17 10:48:02,934 - predict - INFO - test imagesss /storage/data/alien-predator/test/alien-resurrection-screenshot.jpg
2019-01-17 10:48:02,936 - predict - INFO - test imagesss /storage/data/alien-predator/test/alien31.jpg
2019-01-17 10:48:02,936 - predict - INFO - test imagesss /storage/data/alien-predator/test/alien31.jpg
2019-01-17 10:48:02,937 - predict - INFO - test imagesss /storage/data/alien-predator/test/predator-cover.jpg
2019-01-17 10:48:02,937 - predict - INFO - test imagesss /storage/data/alien-predator/test/predator-cover.jpg
2019-01-17 10:48:02,938 - predict - INFO - test imagesss /storage/data/alien-predator/test/the-predator-ending-explained.png
2019-01-17 10:48:02,938 - predict - INFO - test imagesss /storage/data/alien-predator/test/the-predator-ending-explained.png
2019-01-17 10:48:02,939 - predict - INFO - test imagesss /storage/data/alien-predator/test/vader.png
2019-01-17 10:48:02,939 - predict - INFO - test imagesss /storage/data/alien-predator/test/vader.png
