2019-01-16 14:35:38,723 - training - INFO - read infile /storage/data/martin-collectie/data/downloaded.csv
2019-01-16 14:35:38,733 - training - INFO - found 902 classes
2019-01-16 14:35:54,076 - training - INFO - read infile /storage/data/martin-collectie/data/downloaded.csv
2019-01-16 14:35:54,076 - training - INFO - read infile /storage/data/martin-collectie/data/downloaded.csv
2019-01-16 14:35:54,089 - training - INFO - found 902 classes
2019-01-16 14:35:54,089 - training - INFO - found 902 classes
2019-01-16 14:37:05,902 - training - INFO - read infile /storage/data/martin-collectie/data/downloaded.csv
2019-01-16 14:37:05,902 - training - INFO - read infile /storage/data/martin-collectie/data/downloaded.csv
2019-01-16 14:37:05,914 - training - INFO - found 902 classes
2019-01-16 14:37:05,914 - training - INFO - found 902 classes
2019-01-16 14:37:08,678 - training - INFO - read infile /storage/data/martin-collectie/data/downloaded.csv
2019-01-16 14:37:08,678 - training - INFO - read infile /storage/data/martin-collectie/data/downloaded.csv
2019-01-16 14:37:08,698 - training - INFO - found 902 classes
2019-01-16 14:37:08,698 - training - INFO - found 902 classes
2019-01-16 14:37:43,753 - training - INFO - read infile /storage/data/martin-collectie/data/downloaded.csv
2019-01-16 14:37:43,753 - training - INFO - read infile /storage/data/martin-collectie/data/downloaded.csv
2019-01-16 14:37:43,767 - training - INFO - found 902 classes
2019-01-16 14:37:43,767 - training - INFO - found 902 classes
2019-01-16 14:37:46,237 - training - INFO - read infile /storage/data/martin-collectie/data/downloaded.csv
2019-01-16 14:37:46,237 - training - INFO - read infile /storage/data/martin-collectie/data/downloaded.csv
2019-01-16 14:37:46,247 - training - INFO - found 902 classes
2019-01-16 14:37:46,247 - training - INFO - found 902 classes
2019-01-16 14:38:25,509 - training - INFO - read infile /storage/data/martin-collectie/data/downloaded.csv
2019-01-16 14:38:25,509 - training - INFO - read infile /storage/data/martin-collectie/data/downloaded.csv
2019-01-16 14:38:25,526 - training - INFO - found 902 classes
2019-01-16 14:38:25,526 - training - INFO - found 902 classes
2019-01-16 14:38:29,613 - training - INFO - read infile /storage/data/martin-collectie/data/downloaded.csv
2019-01-16 14:38:29,613 - training - INFO - read infile /storage/data/martin-collectie/data/downloaded.csv
2019-01-16 14:38:29,625 - training - INFO - found 902 classes
2019-01-16 14:38:29,625 - training - INFO - found 902 classes
2019-01-16 14:38:59,554 - training - INFO - read infile /storage/data/martin-collectie/data/downloaded.csv
2019-01-16 14:38:59,554 - training - INFO - read infile /storage/data/martin-collectie/data/downloaded.csv
2019-01-16 14:38:59,563 - training - INFO - found 902 classes
2019-01-16 14:38:59,563 - training - INFO - found 902 classes
2019-01-16 14:39:08,504 - training - INFO - read infile /storage/data/martin-collectie/data/downloaded.csv
2019-01-16 14:39:08,504 - training - INFO - read infile /storage/data/martin-collectie/data/downloaded.csv
2019-01-16 14:39:08,514 - training - INFO - found 902 classes
2019-01-16 14:39:08,514 - training - INFO - found 902 classes
2019-01-16 14:40:27,920 - training - INFO - read infile /storage/data/martin-collectie/data/downloaded.csv
2019-01-16 14:40:27,920 - training - INFO - read infile /storage/data/martin-collectie/data/downloaded.csv
2019-01-16 14:40:27,934 - training - INFO - found 902 classes
2019-01-16 14:40:27,934 - training - INFO - found 902 classes
2019-01-16 14:40:36,752 - training - INFO - read infile /storage/data/martin-collectie/data/downloaded.csv
2019-01-16 14:40:36,752 - training - INFO - read infile /storage/data/martin-collectie/data/downloaded.csv
2019-01-16 14:40:36,768 - training - INFO - found 902 classes
2019-01-16 14:40:36,768 - training - INFO - found 902 classes
2019-01-16 14:41:30,069 - training - INFO - read infile /storage/data/martin-collectie/data/downloaded.csv
2019-01-16 14:41:30,069 - training - INFO - read infile /storage/data/martin-collectie/data/downloaded.csv
2019-01-16 14:41:30,081 - training - INFO - found 902 classes
2019-01-16 14:41:30,081 - training - INFO - found 902 classes
2019-01-16 14:41:51,166 - training - INFO - read infile /storage/data/martin-collectie/data/downloaded.csv
2019-01-16 14:41:51,166 - training - INFO - read infile /storage/data/martin-collectie/data/downloaded.csv
2019-01-16 14:41:51,180 - training - INFO - found 902 classes
2019-01-16 14:41:51,180 - training - INFO - found 902 classes
2019-01-16 14:42:48,604 - training - INFO - read infile /storage/data/martin-collectie/data/downloaded.csv
2019-01-16 14:42:48,604 - training - INFO - read infile /storage/data/martin-collectie/data/downloaded.csv
2019-01-16 14:42:48,615 - training - INFO - found 902 classes
2019-01-16 14:42:48,615 - training - INFO - found 902 classes
2019-01-16 14:43:10,900 - training - INFO - read infile /storage/data/martin-collectie/data/downloaded.csv
2019-01-16 14:43:10,900 - training - INFO - read infile /storage/data/martin-collectie/data/downloaded.csv
2019-01-16 14:43:10,914 - training - INFO - found 902 classes
2019-01-16 14:43:10,914 - training - INFO - found 902 classes
2019-01-16 14:43:52,890 - training - INFO - read infile /storage/data/martin-collectie/data/downloaded.csv
2019-01-16 14:43:52,890 - training - INFO - read infile /storage/data/martin-collectie/data/downloaded.csv
2019-01-16 14:43:52,904 - training - INFO - found 902 classes
2019-01-16 14:43:52,904 - training - INFO - found 902 classes
2019-01-16 14:43:59,708 - training - INFO - read infile /storage/data/martin-collectie/data/downloaded.csv
2019-01-16 14:43:59,708 - training - INFO - read infile /storage/data/martin-collectie/data/downloaded.csv
2019-01-16 14:43:59,730 - training - INFO - found 902 classes
2019-01-16 14:43:59,730 - training - INFO - found 902 classes
2019-01-16 14:44:22,892 - training - INFO - read infile /storage/data/martin-collectie/data/downloaded.csv
2019-01-16 14:44:22,892 - training - INFO - read infile /storage/data/martin-collectie/data/downloaded.csv
2019-01-16 14:44:22,903 - training - INFO - found 902 classes
2019-01-16 14:44:22,903 - training - INFO - found 902 classes
2019-01-16 14:46:20,418 - training - INFO - read infile /storage/data/martin-collectie/data/downloaded.csv
2019-01-16 14:46:20,418 - training - INFO - read infile /storage/data/martin-collectie/data/downloaded.csv
2019-01-16 14:46:20,431 - training - INFO - found 902 classes
2019-01-16 14:46:20,431 - training - INFO - found 902 classes
2019-01-16 14:47:22,714 - training - INFO - read infile /storage/data/martin-collectie/data/downloaded.csv
2019-01-16 14:47:22,714 - training - INFO - read infile /storage/data/martin-collectie/data/downloaded.csv
2019-01-16 14:47:22,725 - training - INFO - found 902 classes
2019-01-16 14:47:22,725 - training - INFO - found 902 classes
2019-01-16 14:47:34,372 - training - INFO - read infile /storage/data/martin-collectie/data/downloaded.csv
2019-01-16 14:47:34,372 - training - INFO - read infile /storage/data/martin-collectie/data/downloaded.csv
2019-01-16 14:47:34,381 - training - INFO - found 902 classes
2019-01-16 14:47:34,381 - training - INFO - found 902 classes
2019-01-16 14:48:23,647 - training - INFO - read infile /storage/data/martin-collectie/data/downloaded.csv
2019-01-16 14:48:23,647 - training - INFO - read infile /storage/data/martin-collectie/data/downloaded.csv
2019-01-16 14:48:23,666 - training - INFO - found 902 classes
2019-01-16 14:48:23,666 - training - INFO - found 902 classes
2019-01-16 14:48:30,327 - training - INFO - read infile /storage/data/martin-collectie/data/downloaded.csv
2019-01-16 14:48:30,327 - training - INFO - read infile /storage/data/martin-collectie/data/downloaded.csv
2019-01-16 14:48:30,344 - training - INFO - found 902 classes
2019-01-16 14:48:30,344 - training - INFO - found 902 classes
2019-01-16 14:49:02,990 - training - INFO - read infile /storage/data/martin-collectie/data/downloaded.csv
2019-01-16 14:49:02,990 - training - INFO - read infile /storage/data/martin-collectie/data/downloaded.csv
2019-01-16 14:49:03,006 - training - INFO - found 902 classes
2019-01-16 14:49:03,006 - training - INFO - found 902 classes
2019-01-16 14:49:24,041 - training - INFO - read infile /storage/data/martin-collectie/data/downloaded.csv
2019-01-16 14:49:24,041 - training - INFO - read infile /storage/data/martin-collectie/data/downloaded.csv
2019-01-16 14:49:24,055 - training - INFO - found 902 classes
2019-01-16 14:49:24,055 - training - INFO - found 902 classes
2019-01-16 14:49:43,934 - training - INFO - read infile /storage/data/martin-collectie/data/downloaded.csv
2019-01-16 14:49:43,934 - training - INFO - read infile /storage/data/martin-collectie/data/downloaded.csv
2019-01-16 14:49:43,947 - training - INFO - found 902 classes
2019-01-16 14:49:43,947 - training - INFO - found 902 classes
2019-01-16 14:49:47,873 - training - INFO - read infile /storage/data/martin-collectie/data/downloaded.csv
2019-01-16 14:49:47,873 - training - INFO - read infile /storage/data/martin-collectie/data/downloaded.csv
2019-01-16 14:49:47,884 - training - INFO - found 902 classes
2019-01-16 14:49:47,884 - training - INFO - found 902 classes
2019-01-16 17:14:33,588 - training - INFO - read infile /storage/data/alien-predator/data/files.csv
2019-01-16 17:14:33,591 - training - INFO - found 2 classes
2019-01-16 17:14:33,626 - training - INFO - wrote classes to /storage/data/alien-predator/data/classes.csv (2)
2019-01-16 17:14:33,627 - training - INFO - training model alien_predator_1
2019-01-16 17:14:48,982 - training - INFO - model architecture: Xception
2019-01-16 17:14:49,035 - training - INFO - enabled early stopping (val_loss)
2019-01-16 17:14:49,036 - training - INFO - epochs: 100 / steps_per_epoch: 25 / validation_steps: 2
2019-01-16 17:32:57,719 - training - INFO - skipped saving model
2019-01-16 17:33:36,817 - training - INFO - score: {('loss', 0.34172257412685436), ('acc', 0.85393257690279667)}
2019-01-16 17:34:17,910 - training - INFO - read infile /storage/data/alien-predator/data/files.csv
2019-01-16 17:34:17,914 - training - INFO - found 2 classes
2019-01-16 17:34:17,973 - training - INFO - wrote classes to /storage/data/alien-predator/data/classes.csv (2)
2019-01-16 17:34:17,974 - training - INFO - training model alien_predator_1
2019-01-16 17:34:40,963 - training - INFO - model architecture: Inception
2019-01-16 17:34:41,009 - training - INFO - enabled early stopping (val_loss)
2019-01-16 17:34:41,010 - training - INFO - epochs: 10 / steps_per_epoch: 25 / validation_steps: 2
2019-01-16 17:43:54,412 - training - INFO - skipped saving model
2019-01-16 17:44:15,230 - training - INFO - score: {('loss', 2.5512880234236128), ('acc', 0.21348314690455961)}
